<?xml version="1.0" encoding="UTF-8"?>
<testsuite name="com.goanna.GithubQuiz3.GithubQuiz3ApplicationTests" tests="1" skipped="0" failures="0" errors="0" timestamp="2021-07-23T01:01:48" hostname="DESKTOP-GAODT3K" time="0.539">
  <properties/>
  <testcase name="contextLoads()" classname="com.goanna.GithubQuiz3.GithubQuiz3ApplicationTests" time="0.539"/>
  <system-out><![CDATA[11:01:46.268 [Test worker] DEBUG org.springframework.test.context.BootstrapUtils - Instantiating CacheAwareContextLoaderDelegate from class [org.springframework.test.context.cache.DefaultCacheAwareContextLoaderDelegate]
11:01:46.283 [Test worker] DEBUG org.springframework.test.context.BootstrapUtils - Instantiating BootstrapContext using constructor [public org.springframework.test.context.support.DefaultBootstrapContext(java.lang.Class,org.springframework.test.context.CacheAwareContextLoaderDelegate)]
11:01:46.319 [Test worker] DEBUG org.springframework.test.context.BootstrapUtils - Instantiating TestContextBootstrapper for test class [com.goanna.GithubQuiz3.GithubQuiz3ApplicationTests] from class [org.springframework.boot.test.context.SpringBootTestContextBootstrapper]
11:01:46.331 [Test worker] INFO org.springframework.boot.test.context.SpringBootTestContextBootstrapper - Neither @ContextConfiguration nor @ContextHierarchy found for test class [com.goanna.GithubQuiz3.GithubQuiz3ApplicationTests], using SpringBootContextLoader
11:01:46.335 [Test worker] DEBUG org.springframework.test.context.support.AbstractContextLoader - Did not detect default resource location for test class [com.goanna.GithubQuiz3.GithubQuiz3ApplicationTests]: class path resource [com/goanna/GithubQuiz3/GithubQuiz3ApplicationTests-context.xml] does not exist
11:01:46.336 [Test worker] DEBUG org.springframework.test.context.support.AbstractContextLoader - Did not detect default resource location for test class [com.goanna.GithubQuiz3.GithubQuiz3ApplicationTests]: class path resource [com/goanna/GithubQuiz3/GithubQuiz3ApplicationTestsContext.groovy] does not exist
11:01:46.336 [Test worker] INFO org.springframework.test.context.support.AbstractContextLoader - Could not detect default resource locations for test class [com.goanna.GithubQuiz3.GithubQuiz3ApplicationTests]: no resource found for suffixes {-context.xml, Context.groovy}.
11:01:46.337 [Test worker] INFO org.springframework.test.context.support.AnnotationConfigContextLoaderUtils - Could not detect default configuration classes for test class [com.goanna.GithubQuiz3.GithubQuiz3ApplicationTests]: GithubQuiz3ApplicationTests does not declare any static, non-private, non-final, nested classes annotated with @Configuration.
11:01:46.379 [Test worker] DEBUG org.springframework.test.context.support.ActiveProfilesUtils - Could not find an 'annotation declaring class' for annotation type [org.springframework.test.context.ActiveProfiles] and class [com.goanna.GithubQuiz3.GithubQuiz3ApplicationTests]
11:01:46.445 [Test worker] DEBUG org.springframework.context.annotation.ClassPathScanningCandidateComponentProvider - Identified candidate component class: file [C:\Users\UST-User\workspace\GithubQuiz3\build\classes\java\main\com\goanna\GithubQuiz3\Application.class]
11:01:46.457 [Test worker] INFO org.springframework.boot.test.context.SpringBootTestContextBootstrapper - Found @SpringBootConfiguration com.goanna.GithubQuiz3.Application for test class com.goanna.GithubQuiz3.GithubQuiz3ApplicationTests
11:01:46.586 [Test worker] DEBUG org.springframework.boot.test.context.SpringBootTestContextBootstrapper - @TestExecutionListeners is not present for class [com.goanna.GithubQuiz3.GithubQuiz3ApplicationTests]: using defaults.
11:01:46.587 [Test worker] INFO org.springframework.boot.test.context.SpringBootTestContextBootstrapper - Loaded default TestExecutionListener class names from location [META-INF/spring.factories]: [org.springframework.boot.test.autoconfigure.restdocs.RestDocsTestExecutionListener, org.springframework.boot.test.autoconfigure.web.client.MockRestServiceServerResetTestExecutionListener, org.springframework.boot.test.autoconfigure.web.servlet.MockMvcPrintOnlyOnFailureTestExecutionListener, org.springframework.boot.test.autoconfigure.web.servlet.WebDriverTestExecutionListener, org.springframework.boot.test.autoconfigure.webservices.client.MockWebServiceServerTestExecutionListener, org.springframework.boot.test.mock.mockito.MockitoTestExecutionListener, org.springframework.boot.test.mock.mockito.ResetMocksTestExecutionListener, org.springframework.test.context.web.ServletTestExecutionListener, org.springframework.test.context.support.DirtiesContextBeforeModesTestExecutionListener, org.springframework.test.context.event.ApplicationEventsTestExecutionListener, org.springframework.test.context.support.DependencyInjectionTestExecutionListener, org.springframework.test.context.support.DirtiesContextTestExecutionListener, org.springframework.test.context.transaction.TransactionalTestExecutionListener, org.springframework.test.context.jdbc.SqlScriptsTestExecutionListener, org.springframework.test.context.event.EventPublishingTestExecutionListener]
11:01:46.607 [Test worker] DEBUG org.springframework.boot.test.context.SpringBootTestContextBootstrapper - Skipping candidate TestExecutionListener [org.springframework.test.context.transaction.TransactionalTestExecutionListener] due to a missing dependency. Specify custom listener classes or make the default listener classes and their required dependencies available. Offending class: [org/springframework/transaction/interceptor/TransactionAttributeSource]
11:01:46.609 [Test worker] DEBUG org.springframework.boot.test.context.SpringBootTestContextBootstrapper - Skipping candidate TestExecutionListener [org.springframework.test.context.jdbc.SqlScriptsTestExecutionListener] due to a missing dependency. Specify custom listener classes or make the default listener classes and their required dependencies available. Offending class: [org/springframework/transaction/interceptor/TransactionAttribute]
11:01:46.609 [Test worker] INFO org.springframework.boot.test.context.SpringBootTestContextBootstrapper - Using TestExecutionListeners: [org.springframework.test.context.web.ServletTestExecutionListener@64b67c39, org.springframework.test.context.support.DirtiesContextBeforeModesTestExecutionListener@3493a0f2, org.springframework.test.context.event.ApplicationEventsTestExecutionListener@1c30ebc8, org.springframework.boot.test.mock.mockito.MockitoTestExecutionListener@6d235933, org.springframework.boot.test.autoconfigure.SpringBootDependencyInjectionTestExecutionListener@3aa3a71a, org.springframework.test.context.support.DirtiesContextTestExecutionListener@131e048c, org.springframework.test.context.event.EventPublishingTestExecutionListener@8ebc38c, org.springframework.boot.test.autoconfigure.restdocs.RestDocsTestExecutionListener@7ff6f963, org.springframework.boot.test.autoconfigure.web.client.MockRestServiceServerResetTestExecutionListener@584a1af0, org.springframework.boot.test.autoconfigure.web.servlet.MockMvcPrintOnlyOnFailureTestExecutionListener@3b934f11, org.springframework.boot.test.autoconfigure.web.servlet.WebDriverTestExecutionListener@6db20c4c, org.springframework.boot.test.autoconfigure.webservices.client.MockWebServiceServerTestExecutionListener@2547dd78, org.springframework.boot.test.mock.mockito.ResetMocksTestExecutionListener@2dd2ceba]
11:01:46.614 [Test worker] DEBUG org.springframework.test.context.support.AbstractDirtiesContextTestExecutionListener - Before test class: context [DefaultTestContext@3583eac5 testClass = GithubQuiz3ApplicationTests, testInstance = [null], testMethod = [null], testException = [null], mergedContextConfiguration = [WebMergedContextConfiguration@1e2a8890 testClass = GithubQuiz3ApplicationTests, locations = '{}', classes = '{class com.goanna.GithubQuiz3.Application}', contextInitializerClasses = '[]', activeProfiles = '{}', propertySourceLocations = '{}', propertySourceProperties = '{org.springframework.boot.test.context.SpringBootTestContextBootstrapper=true}', contextCustomizers = set[org.springframework.boot.test.autoconfigure.actuate.metrics.MetricsExportContextCustomizerFactory$DisableMetricExportContextCustomizer@2fea5a2c, org.springframework.boot.test.autoconfigure.properties.PropertyMappingContextCustomizer@0, org.springframework.boot.test.autoconfigure.web.servlet.WebDriverContextCustomizerFactory$Customizer@2daa3565, org.springframework.boot.test.context.filter.ExcludeFilterContextCustomizer@2df676f, org.springframework.boot.test.json.DuplicateJsonObjectContextCustomizerFactory$DuplicateJsonObjectContextCustomizer@62cec2ec, org.springframework.boot.test.mock.mockito.MockitoContextCustomizer@0, org.springframework.boot.test.web.client.TestRestTemplateContextCustomizer@11bd8dd3, org.springframework.boot.test.context.SpringBootTestArgs@1, org.springframework.boot.test.context.SpringBootTestWebEnvironment@5c3843ad], resourceBasePath = 'src/main/webapp', contextLoader = 'org.springframework.boot.test.context.SpringBootContextLoader', parent = [null]], attributes = map['org.springframework.test.context.web.ServletTestExecutionListener.activateListener' -> true]], class annotated with @DirtiesContext [false] with mode [null].
11:01:46.650 [Test worker] DEBUG org.springframework.test.context.support.TestPropertySourceUtils - Adding inlined properties to environment: {spring.jmx.enabled=false, org.springframework.boot.test.context.SpringBootTestContextBootstrapper=true}

  .   ____          _            __ _ _
 /\\ / ___'_ __ _ _(_)_ __  __ _ \ \ \ \
( ( )\___ | '_ | '_| | '_ \/ _` | \ \ \ \
 \\/  ___)| |_)| | | | | || (_| |  ) ) ) )
  '  |____| .__|_| |_|_| |_\__, | / / / /
 =========|_|==============|___/=/_/_/_/
 :: Spring Boot ::                (v2.5.3)

2021-07-23 11:01:46.892  INFO 14836 --- [    Test worker] c.g.G.GithubQuiz3ApplicationTests        : Starting GithubQuiz3ApplicationTests using Java 15.0.2 on DESKTOP-GAODT3K with PID 14836 (started by UST-User in C:\Users\UST-User\workspace\GithubQuiz3)
2021-07-23 11:01:46.895  INFO 14836 --- [    Test worker] c.g.G.GithubQuiz3ApplicationTests        : No active profile set, falling back to default profiles: default
2021-07-23 11:01:48.570  INFO 14836 --- [    Test worker] c.g.G.GithubQuiz3ApplicationTests        : Started GithubQuiz3ApplicationTests in 1.909 seconds (JVM running for 3.181)
]]></system-out>
  <system-err><![CDATA[]]></system-err>
</testsuite>
